\BOOKMARK [0][-]{chapter*.1}{\376\377\144\130\211\201}{}% 1
\BOOKMARK [0][-]{chapter*.2}{\376\377\000A\000b\000s\000t\000r\000a\000c\000t}{}% 2
\BOOKMARK [0][-]{section*.3}{\376\377\166\356\000\040\137\125}{}% 3
\BOOKMARK [0][-]{chapter.1}{\376\377\0001\000\040\000\040\122\115\212\000}{}% 4
\BOOKMARK [1][-]{section.1.1}{\376\377\0001\000.\0001\000\040\116\313\176\315}{chapter.1}% 5
\BOOKMARK [1][-]{section.1.2}{\376\377\0001\000.\0002\000\040\174\373\176\337\211\201\154\102}{chapter.1}% 6
\BOOKMARK [1][-]{section.1.3}{\376\377\0001\000.\0003\000\040\117\177\165\050\145\271\154\325}{chapter.1}% 7
\BOOKMARK [2][-]{subsection.1.3.1}{\376\377\0001\000.\0003\000.\0001\000\040\210\150\150\074}{section.1.3}% 8
\BOOKMARK [2][-]{subsection.1.3.2}{\376\377\0001\000.\0003\000.\0002\000\040\126\376\162\107}{section.1.3}% 9
\BOOKMARK [2][-]{subsection.1.3.3}{\376\377\0001\000.\0003\000.\0003\000\040\123\302\200\003\145\207\163\056}{section.1.3}% 10
\BOOKMARK [0][-]{chapter.2}{\376\377\0002\000\040\000\040\136\177\116\034\155\167\155\013\131\047\133\146\170\024\172\166\165\037\133\146\117\115\213\272\145\207\150\074\137\017\123\312\116\146\121\231\211\304\203\003}{}% 11
\BOOKMARK [1][-]{section.2.1}{\376\377\0002\000.\0001\000\040\127\372\147\054\211\201\154\102}{chapter.2}% 12
\BOOKMARK [1][-]{section.2.2}{\376\377\0002\000.\0002\000\040\213\355\212\000\211\201\154\102}{chapter.2}% 13
\BOOKMARK [1][-]{section.2.3}{\376\377\0002\000.\0003\000\040\133\127\145\160\211\201\154\102}{chapter.2}% 14
\BOOKMARK [1][-]{section.2.4}{\376\377\0002\000.\0004\000\040\213\272\145\207\121\205\133\271\211\304\203\003\211\201\154\102}{chapter.2}% 15
\BOOKMARK [2][-]{subsection.2.4.1}{\376\377\0002\000.\0004\000.\0001\000\040\134\001\227\142}{section.2.4}% 16
\BOOKMARK [2][-]{subsection.2.4.2}{\376\377\0002\000.\0004\000.\0002\000\040\133\146\117\115\213\272\145\207\173\124\217\251\131\324\124\130\117\032\176\304\142\020}{section.2.4}% 17
\BOOKMARK [2][-]{subsection.2.4.3}{\376\377\0002\000.\0004\000.\0003\000\040\133\146\117\115\213\272\145\207\123\237\122\033\140\047\130\360\146\016\124\214\162\110\147\103\117\177\165\050\143\210\147\103\116\146}{section.2.4}% 18
\BOOKMARK [2][-]{subsection.2.4.4}{\376\377\0002\000.\0004\000.\0004\000\040\116\055\145\207\144\130\211\201}{section.2.4}% 19
\BOOKMARK [2][-]{subsection.2.4.5}{\376\377\0002\000.\0004\000.\0005\000\040\202\361\145\207\144\130\211\201}{section.2.4}% 20
\BOOKMARK [2][-]{subsection.2.4.6}{\376\377\0002\000.\0004\000.\0006\000\040\166\356\137\125}{section.2.4}% 21
\BOOKMARK [2][-]{subsection.2.4.7}{\376\377\0002\000.\0004\000.\0007\000\040\173\046\123\367\213\364\146\016\377\010\137\305\211\201\145\366\377\011}{section.2.4}% 22
\BOOKMARK [2][-]{subsection.2.4.8}{\376\377\0002\000.\0004\000.\0008\000\040\213\272\145\207\153\143\145\207}{section.2.4}% 23
\BOOKMARK [2][-]{subsection.2.4.9}{\376\377\0002\000.\0004\000.\0009\000\040\123\302\200\003\145\207\163\056}{section.2.4}% 24
\BOOKMARK [2][-]{subsection.2.4.10}{\376\377\0002\000.\0004\000.\0001\0000\000\040\226\104\137\125\377\010\137\305\211\201\145\366\377\011}{section.2.4}% 25
\BOOKMARK [2][-]{subsection.2.4.11}{\376\377\0002\000.\0004\000.\0001\0001\000\040\201\364\214\042}{section.2.4}% 26
\BOOKMARK [2][-]{subsection.2.4.12}{\376\377\0002\000.\0004\000.\0001\0002\000\040\117\134\200\005\173\200\116\313}{section.2.4}% 27
\BOOKMARK [2][-]{subsection.2.4.13}{\376\377\0002\000.\0004\000.\0001\0003\000\040\133\374\136\010\173\200\116\313}{section.2.4}% 28
\BOOKMARK [1][-]{section.2.5}{\376\377\0002\000.\0005\000\040\230\165\167\011\124\214\230\165\170\001\211\201\154\102}{chapter.2}% 29
\BOOKMARK [1][-]{section.2.6}{\376\377\0002\000.\0006\000\040\221\317\124\214\123\125\117\115\211\304\203\003\211\201\154\102}{chapter.2}% 30
\BOOKMARK [0][-]{chapter.3}{\376\377\0003\000\040\000\040\173\054\116\011\172\340}{}% 31
\BOOKMARK [0][-]{chapter.4}{\376\377\0004\000\040\000\040\173\054\126\333\172\340}{}% 32
\BOOKMARK [1][-]{section.Alph0.1}{\376\377\000.\0001\000\040\133\146\117\115\213\272\145\207\166\204\116\000\202\054\211\201\154\102}{chapter.4}% 33
\BOOKMARK [1][-]{section.Alph0.2}{\376\377\000.\0002\000\040\133\146\117\115\213\272\145\207\166\204\154\064\136\163\211\201\154\102}{chapter.4}% 34
\BOOKMARK [1][-]{section.Alph0.3}{\376\377\000.\0003\000\040\144\260\121\231\133\146\117\115\213\272\145\207\166\204\213\355\212\000\123\312\145\207\133\127}{chapter.4}% 35
\BOOKMARK [1][-]{section.Alph0.4}{\376\377\000.\0004\000\040\133\146\117\115\213\272\145\207\166\204\116\073\211\201\176\304\142\020\220\350\122\006}{chapter.4}% 36
\BOOKMARK [0][-]{appendix*.7}{\376\377\236\043\000\040\214\042}{}% 37
